<?xml version="1.0" encoding="UTF-8"?><testrun name="adduser_testRunner" project="my-app" tests="2" started="2" failures="0" errors="2" ignored="0">
  <testsuite name="options.adduser_testRunner" time="8.858">
    <testsuite name="Feature: Add User Functionality" time="8.858">
      <testcase name="Add User Successfully" classname="Add User Functionality" time="6.144">
        <error>org.openqa.selenium.remote.UnreachableBrowserException: Error communicating with the remote browser. It may have died.
Build info: version: '4.8.3', revision: 'e5e76298c3'
System info: os.name: 'Windows 11', os.arch: 'amd64', os.version: '10.0', java.version: '17.0.6'
Driver info: org.openqa.selenium.chrome.ChromeDriver
Command: [00eb8d9c6d05a9646fd4592300d31553, get {url=http://localhost:4200/login}]
Capabilities {acceptInsecureCerts: false, browserName: chrome, browserVersion: 112.0.5615.138, chrome: {chromedriverVersion: 111.0.5563.64 (c710e93d5b63..., userDataDir: C:\Users\user\AppData\Local...}, goog:chromeOptions: {debuggerAddress: localhost:54925}, networkConnectionEnabled: false, pageLoadStrategy: normal, platformName: WINDOWS, proxy: Proxy(), se:cdp: ws://localhost:54925/devtoo..., se:cdpVersion: 112.0.5615.138, setWindowRect: true, strictFileInteractability: false, timeouts: {implicit: 0, pageLoad: 300000, script: 30000}, unhandledPromptBehavior: dismiss and notify, webauthn:extension:credBlob: true, webauthn:extension:largeBlob: true, webauthn:extension:minPinLength: true, webauthn:extension:prf: true, webauthn:virtualAuthenticators: true}
Session ID: 00eb8d9c6d05a9646fd4592300d31553&#13;
	at org.openqa.selenium.remote.RemoteWebDriver.execute(RemoteWebDriver.java:567)&#13;
	at org.openqa.selenium.remote.RemoteWebDriver.get(RemoteWebDriver.java:297)&#13;
	at stepdefinitions.adduser_stepdefinition.i_am_on_the_login_page(adduser_stepdefinition.java:31)&#13;
	at ✽.I am on the login page(file:src/test/java/features/adduser.feature:4)&#13;
Caused by: java.io.UncheckedIOException: java.net.SocketException: Connection reset&#13;
	at org.openqa.selenium.remote.http.netty.NettyHttpHandler.makeCall(NettyHttpHandler.java:73)&#13;
	at org.openqa.selenium.remote.http.AddSeleniumUserAgent.lambda$apply$0(AddSeleniumUserAgent.java:42)&#13;
	at org.openqa.selenium.remote.http.Filter.lambda$andFinally$1(Filter.java:56)&#13;
	at org.openqa.selenium.remote.http.netty.NettyHttpHandler.execute(NettyHttpHandler.java:49)&#13;
	at org.openqa.selenium.remote.http.AddSeleniumUserAgent.lambda$apply$0(AddSeleniumUserAgent.java:42)&#13;
	at org.openqa.selenium.remote.http.Filter.lambda$andFinally$1(Filter.java:56)&#13;
	at org.openqa.selenium.remote.http.netty.NettyClient.execute(NettyClient.java:99)&#13;
	at org.openqa.selenium.remote.HttpCommandExecutor.execute(HttpCommandExecutor.java:190)&#13;
	at org.openqa.selenium.remote.service.DriverCommandExecutor.invokeExecute(DriverCommandExecutor.java:183)&#13;
	at org.openqa.selenium.remote.service.DriverCommandExecutor.execute(DriverCommandExecutor.java:158)&#13;
	at org.openqa.selenium.remote.RemoteWebDriver.execute(RemoteWebDriver.java:543)&#13;
	at org.openqa.selenium.remote.RemoteWebDriver.get(RemoteWebDriver.java:297)&#13;
	at stepdefinitions.adduser_stepdefinition.i_am_on_the_login_page(adduser_stepdefinition.java:31)&#13;
	at java.base/jdk.internal.reflect.NativeMethodAccessorImpl.invoke0(Native Method)&#13;
	at java.base/jdk.internal.reflect.NativeMethodAccessorImpl.invoke(NativeMethodAccessorImpl.java:77)&#13;
	at java.base/jdk.internal.reflect.DelegatingMethodAccessorImpl.invoke(DelegatingMethodAccessorImpl.java:43)&#13;
	at java.base/java.lang.reflect.Method.invoke(Method.java:568)&#13;
	at cucumber.runtime.Utils$1.call(Utils.java:26)&#13;
	at cucumber.runtime.Timeout.timeout(Timeout.java:16)&#13;
	at cucumber.runtime.Utils.invoke(Utils.java:20)&#13;
	at cucumber.runtime.java.JavaStepDefinition.execute(JavaStepDefinition.java:57)&#13;
	at cucumber.runner.PickleStepDefinitionMatch.runStep(PickleStepDefinitionMatch.java:50)&#13;
	at cucumber.runner.TestStep.executeStep(TestStep.java:63)&#13;
	at cucumber.runner.TestStep.run(TestStep.java:49)&#13;
	at cucumber.runner.PickleStepTestStep.run(PickleStepTestStep.java:43)&#13;
	at cucumber.runner.TestCase.run(TestCase.java:45)&#13;
	at cucumber.runner.Runner.runPickle(Runner.java:40)&#13;
	at cucumber.runtime.junit.PickleRunners$NoStepDescriptions.run(PickleRunners.java:146)&#13;
	at cucumber.runtime.junit.FeatureRunner.runChild(FeatureRunner.java:68)&#13;
	at cucumber.runtime.junit.FeatureRunner.runChild(FeatureRunner.java:23)&#13;
	at org.junit.runners.ParentRunner$3.run(ParentRunner.java:290)&#13;
	at org.junit.runners.ParentRunner$1.schedule(ParentRunner.java:71)&#13;
	at org.junit.runners.ParentRunner.runChildren(ParentRunner.java:288)&#13;
	at org.junit.runners.ParentRunner.access$000(ParentRunner.java:58)&#13;
	at org.junit.runners.ParentRunner$2.evaluate(ParentRunner.java:268)&#13;
	at org.junit.runners.ParentRunner.run(ParentRunner.java:363)&#13;
	at cucumber.runtime.junit.FeatureRunner.run(FeatureRunner.java:73)&#13;
	at cucumber.api.junit.Cucumber.runChild(Cucumber.java:122)&#13;
	at cucumber.api.junit.Cucumber.runChild(Cucumber.java:64)&#13;
	at org.junit.runners.ParentRunner$3.run(ParentRunner.java:290)&#13;
	at org.junit.runners.ParentRunner$1.schedule(ParentRunner.java:71)&#13;
	at org.junit.runners.ParentRunner.runChildren(ParentRunner.java:288)&#13;
	at org.junit.runners.ParentRunner.access$000(ParentRunner.java:58)&#13;
	at org.junit.runners.ParentRunner$2.evaluate(ParentRunner.java:268)&#13;
	at cucumber.api.junit.Cucumber$1.evaluate(Cucumber.java:131)&#13;
	at org.junit.runners.ParentRunner.run(ParentRunner.java:363)&#13;
	at org.eclipse.jdt.internal.junit4.runner.JUnit4TestReference.run(JUnit4TestReference.java:93)&#13;
	at org.eclipse.jdt.internal.junit.runner.TestExecution.run(TestExecution.java:40)&#13;
	at org.eclipse.jdt.internal.junit.runner.RemoteTestRunner.runTests(RemoteTestRunner.java:529)&#13;
	at org.eclipse.jdt.internal.junit.runner.RemoteTestRunner.runTests(RemoteTestRunner.java:756)&#13;
	at org.eclipse.jdt.internal.junit.runner.RemoteTestRunner.run(RemoteTestRunner.java:452)&#13;
	at org.eclipse.jdt.internal.junit.runner.RemoteTestRunner.main(RemoteTestRunner.java:210)&#13;
Caused by: java.net.SocketException: Connection reset&#13;
	at java.base/sun.nio.ch.SocketChannelImpl.throwConnectionReset(SocketChannelImpl.java:394)&#13;
	at java.base/sun.nio.ch.SocketChannelImpl.read(SocketChannelImpl.java:426)&#13;
	at io.netty.buffer.PooledByteBuf.setBytes(PooledByteBuf.java:256)&#13;
	at io.netty.buffer.AbstractByteBuf.writeBytes(AbstractByteBuf.java:1132)&#13;
	at io.netty.channel.socket.nio.NioSocketChannel.doReadBytes(NioSocketChannel.java:357)&#13;
	at io.netty.channel.nio.AbstractNioByteChannel$NioByteUnsafe.read(AbstractNioByteChannel.java:151)&#13;
	at io.netty.channel.nio.NioEventLoop.processSelectedKey(NioEventLoop.java:788)&#13;
	at io.netty.channel.nio.NioEventLoop.processSelectedKeysOptimized(NioEventLoop.java:724)&#13;
	at io.netty.channel.nio.NioEventLoop.processSelectedKeys(NioEventLoop.java:650)&#13;
	at io.netty.channel.nio.NioEventLoop.run(NioEventLoop.java:562)&#13;
	at io.netty.util.concurrent.SingleThreadEventExecutor$4.run(SingleThreadEventExecutor.java:997)&#13;
	at io.netty.util.internal.ThreadExecutorMap$2.run(ThreadExecutorMap.java:74)&#13;
	at io.netty.util.concurrent.FastThreadLocalRunnable.run(FastThreadLocalRunnable.java:30)&#13;
	at java.base/java.lang.Thread.run(Thread.java:833)&#13;
&#13;
</error>
      </testcase>
      <testcase name="Import User file Successfully" classname="Add User Functionality" time="2.713">
        <error>org.openqa.selenium.remote.UnreachableBrowserException: Error communicating with the remote browser. It may have died.
Build info: version: '4.8.3', revision: 'e5e76298c3'
System info: os.name: 'Windows 11', os.arch: 'amd64', os.version: '10.0', java.version: '17.0.6'
Driver info: org.openqa.selenium.chrome.ChromeDriver
Command: [a8cc420c28625cbc2dbea0170de7cf27, get {url=http://localhost:4200/login}]
Capabilities {acceptInsecureCerts: false, browserName: chrome, browserVersion: 112.0.5615.138, chrome: {chromedriverVersion: 111.0.5563.64 (c710e93d5b63..., userDataDir: C:\Users\user\AppData\Local...}, goog:chromeOptions: {debuggerAddress: localhost:54947}, networkConnectionEnabled: false, pageLoadStrategy: normal, platformName: WINDOWS, proxy: Proxy(), se:cdp: ws://localhost:54947/devtoo..., se:cdpVersion: 112.0.5615.138, setWindowRect: true, strictFileInteractability: false, timeouts: {implicit: 0, pageLoad: 300000, script: 30000}, unhandledPromptBehavior: dismiss and notify, webauthn:extension:credBlob: true, webauthn:extension:largeBlob: true, webauthn:extension:minPinLength: true, webauthn:extension:prf: true, webauthn:virtualAuthenticators: true}
Session ID: a8cc420c28625cbc2dbea0170de7cf27&#13;
	at org.openqa.selenium.remote.RemoteWebDriver.execute(RemoteWebDriver.java:567)&#13;
	at org.openqa.selenium.remote.RemoteWebDriver.get(RemoteWebDriver.java:297)&#13;
	at stepdefinitions.adduser_stepdefinition.i_am_on_the_login_page(adduser_stepdefinition.java:31)&#13;
	at ✽.I am on the login page(file:src/test/java/features/adduser.feature:19)&#13;
Caused by: java.io.UncheckedIOException: java.net.SocketException: Connection reset&#13;
	at org.openqa.selenium.remote.http.netty.NettyHttpHandler.makeCall(NettyHttpHandler.java:73)&#13;
	at org.openqa.selenium.remote.http.AddSeleniumUserAgent.lambda$apply$0(AddSeleniumUserAgent.java:42)&#13;
	at org.openqa.selenium.remote.http.Filter.lambda$andFinally$1(Filter.java:56)&#13;
	at org.openqa.selenium.remote.http.netty.NettyHttpHandler.execute(NettyHttpHandler.java:49)&#13;
	at org.openqa.selenium.remote.http.AddSeleniumUserAgent.lambda$apply$0(AddSeleniumUserAgent.java:42)&#13;
	at org.openqa.selenium.remote.http.Filter.lambda$andFinally$1(Filter.java:56)&#13;
	at org.openqa.selenium.remote.http.netty.NettyClient.execute(NettyClient.java:99)&#13;
	at org.openqa.selenium.remote.HttpCommandExecutor.execute(HttpCommandExecutor.java:190)&#13;
	at org.openqa.selenium.remote.service.DriverCommandExecutor.invokeExecute(DriverCommandExecutor.java:183)&#13;
	at org.openqa.selenium.remote.service.DriverCommandExecutor.execute(DriverCommandExecutor.java:158)&#13;
	at org.openqa.selenium.remote.RemoteWebDriver.execute(RemoteWebDriver.java:543)&#13;
	at org.openqa.selenium.remote.RemoteWebDriver.get(RemoteWebDriver.java:297)&#13;
	at stepdefinitions.adduser_stepdefinition.i_am_on_the_login_page(adduser_stepdefinition.java:31)&#13;
	at java.base/jdk.internal.reflect.NativeMethodAccessorImpl.invoke0(Native Method)&#13;
	at java.base/jdk.internal.reflect.NativeMethodAccessorImpl.invoke(NativeMethodAccessorImpl.java:77)&#13;
	at java.base/jdk.internal.reflect.DelegatingMethodAccessorImpl.invoke(DelegatingMethodAccessorImpl.java:43)&#13;
	at java.base/java.lang.reflect.Method.invoke(Method.java:568)&#13;
	at cucumber.runtime.Utils$1.call(Utils.java:26)&#13;
	at cucumber.runtime.Timeout.timeout(Timeout.java:16)&#13;
	at cucumber.runtime.Utils.invoke(Utils.java:20)&#13;
	at cucumber.runtime.java.JavaStepDefinition.execute(JavaStepDefinition.java:57)&#13;
	at cucumber.runner.PickleStepDefinitionMatch.runStep(PickleStepDefinitionMatch.java:50)&#13;
	at cucumber.runner.TestStep.executeStep(TestStep.java:63)&#13;
	at cucumber.runner.TestStep.run(TestStep.java:49)&#13;
	at cucumber.runner.PickleStepTestStep.run(PickleStepTestStep.java:43)&#13;
	at cucumber.runner.TestCase.run(TestCase.java:45)&#13;
	at cucumber.runner.Runner.runPickle(Runner.java:40)&#13;
	at cucumber.runtime.junit.PickleRunners$NoStepDescriptions.run(PickleRunners.java:146)&#13;
	at cucumber.runtime.junit.FeatureRunner.runChild(FeatureRunner.java:68)&#13;
	at cucumber.runtime.junit.FeatureRunner.runChild(FeatureRunner.java:23)&#13;
	at org.junit.runners.ParentRunner$3.run(ParentRunner.java:290)&#13;
	at org.junit.runners.ParentRunner$1.schedule(ParentRunner.java:71)&#13;
	at org.junit.runners.ParentRunner.runChildren(ParentRunner.java:288)&#13;
	at org.junit.runners.ParentRunner.access$000(ParentRunner.java:58)&#13;
	at org.junit.runners.ParentRunner$2.evaluate(ParentRunner.java:268)&#13;
	at org.junit.runners.ParentRunner.run(ParentRunner.java:363)&#13;
	at cucumber.runtime.junit.FeatureRunner.run(FeatureRunner.java:73)&#13;
	at cucumber.api.junit.Cucumber.runChild(Cucumber.java:122)&#13;
	at cucumber.api.junit.Cucumber.runChild(Cucumber.java:64)&#13;
	at org.junit.runners.ParentRunner$3.run(ParentRunner.java:290)&#13;
	at org.junit.runners.ParentRunner$1.schedule(ParentRunner.java:71)&#13;
	at org.junit.runners.ParentRunner.runChildren(ParentRunner.java:288)&#13;
	at org.junit.runners.ParentRunner.access$000(ParentRunner.java:58)&#13;
	at org.junit.runners.ParentRunner$2.evaluate(ParentRunner.java:268)&#13;
	at cucumber.api.junit.Cucumber$1.evaluate(Cucumber.java:131)&#13;
	at org.junit.runners.ParentRunner.run(ParentRunner.java:363)&#13;
	at org.eclipse.jdt.internal.junit4.runner.JUnit4TestReference.run(JUnit4TestReference.java:93)&#13;
	at org.eclipse.jdt.internal.junit.runner.TestExecution.run(TestExecution.java:40)&#13;
	at org.eclipse.jdt.internal.junit.runner.RemoteTestRunner.runTests(RemoteTestRunner.java:529)&#13;
	at org.eclipse.jdt.internal.junit.runner.RemoteTestRunner.runTests(RemoteTestRunner.java:756)&#13;
	at org.eclipse.jdt.internal.junit.runner.RemoteTestRunner.run(RemoteTestRunner.java:452)&#13;
	at org.eclipse.jdt.internal.junit.runner.RemoteTestRunner.main(RemoteTestRunner.java:210)&#13;
Caused by: java.net.SocketException: Connection reset&#13;
	at java.base/sun.nio.ch.SocketChannelImpl.throwConnectionReset(SocketChannelImpl.java:394)&#13;
	at java.base/sun.nio.ch.SocketChannelImpl.read(SocketChannelImpl.java:426)&#13;
	at io.netty.buffer.PooledByteBuf.setBytes(PooledByteBuf.java:256)&#13;
	at io.netty.buffer.AbstractByteBuf.writeBytes(AbstractByteBuf.java:1132)&#13;
	at io.netty.channel.socket.nio.NioSocketChannel.doReadBytes(NioSocketChannel.java:357)&#13;
	at io.netty.channel.nio.AbstractNioByteChannel$NioByteUnsafe.read(AbstractNioByteChannel.java:151)&#13;
	at io.netty.channel.nio.NioEventLoop.processSelectedKey(NioEventLoop.java:788)&#13;
	at io.netty.channel.nio.NioEventLoop.processSelectedKeysOptimized(NioEventLoop.java:724)&#13;
	at io.netty.channel.nio.NioEventLoop.processSelectedKeys(NioEventLoop.java:650)&#13;
	at io.netty.channel.nio.NioEventLoop.run(NioEventLoop.java:562)&#13;
	at io.netty.util.concurrent.SingleThreadEventExecutor$4.run(SingleThreadEventExecutor.java:997)&#13;
	at io.netty.util.internal.ThreadExecutorMap$2.run(ThreadExecutorMap.java:74)&#13;
	at io.netty.util.concurrent.FastThreadLocalRunnable.run(FastThreadLocalRunnable.java:30)&#13;
	at java.base/java.lang.Thread.run(Thread.java:833)&#13;
&#13;
</error>
      </testcase>
    </testsuite>
  </testsuite>
</testrun>
