<?xml version="1.0" encoding="UTF-8"?><testrun name="login_testRunner" project="my-app" tests="9" started="9" failures="0" errors="1" ignored="0">
  <testsuite name="options.login_testRunner" time="75.061">
    <testsuite name="Feature: Login functionlity" time="75.061">
      <testcase name="Home page login ok" classname="Login functionlity" time="8.135">
        <error>org.openqa.selenium.NoSuchSessionException: Session ID is null. Using WebDriver after calling quit()?
Build info: version: '4.8.3', revision: 'e5e76298c3'
System info: os.name: 'Windows 11', os.arch: 'amd64', os.version: '10.0', java.version: '17.0.6'
Driver info: org.openqa.selenium.chrome.ChromeDriver
Command: [null, getTitle {}]
Capabilities {acceptInsecureCerts: false, browserName: chrome, browserVersion: 112.0.5615.138, chrome: {chromedriverVersion: 111.0.5563.64 (c710e93d5b63..., userDataDir: C:\Users\user\AppData\Local...}, goog:chromeOptions: {debuggerAddress: localhost:58150}, networkConnectionEnabled: false, pageLoadStrategy: normal, platformName: WINDOWS, proxy: Proxy(), se:cdp: ws://localhost:58150/devtoo..., se:cdpVersion: 112.0.5615.138, setWindowRect: true, strictFileInteractability: false, timeouts: {implicit: 0, pageLoad: 300000, script: 30000}, unhandledPromptBehavior: dismiss and notify, webauthn:extension:credBlob: true, webauthn:extension:largeBlob: true, webauthn:extension:minPinLength: true, webauthn:extension:prf: true, webauthn:virtualAuthenticators: true}&#13;
	at org.openqa.selenium.remote.HttpCommandExecutor.execute(HttpCommandExecutor.java:154)&#13;
	at org.openqa.selenium.remote.service.DriverCommandExecutor.invokeExecute(DriverCommandExecutor.java:183)&#13;
	at org.openqa.selenium.remote.service.DriverCommandExecutor.execute(DriverCommandExecutor.java:158)&#13;
	at org.openqa.selenium.remote.RemoteWebDriver.execute(RemoteWebDriver.java:543)&#13;
	at org.openqa.selenium.remote.RemoteWebDriver.execute(RemoteWebDriver.java:598)&#13;
	at org.openqa.selenium.remote.RemoteWebDriver.execute(RemoteWebDriver.java:602)&#13;
	at org.openqa.selenium.remote.RemoteWebDriver.getTitle(RemoteWebDriver.java:302)&#13;
	at stepdefinitions.login_stepdefinition.i_should_be_in_profile_page(login_stepdefinition.java:57)&#13;
	at âœ½.I should be in profile page(file:src/test/java/features/Aauthentification.feature:7)&#13;
&#13;
</error>
      </testcase>
      <testcase name="Home page login Nok" classname="Login functionlity" time="6.914"/>
      <testcase name="Invalid email" classname="Login functionlity" time="7.177"/>
      <testcase name="Invalid password" classname="Login functionlity" time="7.003"/>
      <testcase name="Incorrect password" classname="Login functionlity" time="7.071"/>
      <testcase name="Inorrect email" classname="Login functionlity" time="7.073"/>
      <testcase name="User can recover password" classname="Login functionlity" time="10.376"/>
      <testcase name="User can not recover password with invalid email" classname="Login functionlity" time="11.368"/>
      <testcase name="User can not recover password with no email" classname="Login functionlity" time="9.937"/>
    </testsuite>
  </testsuite>
</testrun>
